2024-09-26 14:24:31.371 UTC [53586] LOG:  starting PostgreSQL 15.8 on x86_64-pc-linux-gnu, compiled by gcc (GCC) 13.3.0, 64-bit
2024-09-26 14:24:31.372 UTC [53586] LOG:  listening on IPv4 address "0.0.0.0", port 5432
2024-09-26 14:24:31.372 UTC [53586] LOG:  listening on IPv6 address "::", port 5432
2024-09-26 14:24:31.379 UTC [53586] LOG:  listening on Unix socket "/home/tav/Desktop/licenta/.nix-shell/db/.s.PGSQL.5432"
2024-09-26 14:24:31.385 UTC [53590] LOG:  database system was shut down at 2024-09-26 14:24:31 UTC
2024-09-26 14:24:31.394 UTC [53586] LOG:  database system is ready to accept connections
2024-09-26 14:24:45.766 UTC [53692] LOG:  connection received: host=[local]
2024-09-26 14:24:45.767 UTC [53692] LOG:  connection authorized: user=tav database=product_administration application_name=psql
2024-09-26 14:24:45.767 UTC [53692] FATAL:  database "product_administration" does not exist
2024-09-26 14:24:54.387 UTC [53745] LOG:  connection received: host=[local]
2024-09-26 14:24:54.390 UTC [53745] LOG:  connection authorized: user=tav database=postgres application_name=psql
2024-09-26 14:25:12.871 UTC [53776] LOG:  connection received: host=[local]
2024-09-26 14:25:12.872 UTC [53776] LOG:  connection authorized: user=tav database=product_administration application_name=psql
2024-09-26 14:25:27.906 UTC [53912] LOG:  connection received: host=[local]
2024-09-26 14:25:27.908 UTC [53912] LOG:  connection authorized: user=tav database=postgres application_name=psql
2024-09-26 14:25:31.286 UTC [53586] LOG:  received fast shutdown request
2024-09-26 14:25:31.293 UTC [53586] LOG:  aborting any active transactions
2024-09-26 14:25:31.299 UTC [53586] LOG:  background worker "logical replication launcher" (PID 53594) exited with exit code 1
2024-09-26 14:25:31.300 UTC [53588] LOG:  shutting down
2024-09-26 14:25:31.303 UTC [53588] LOG:  checkpoint starting: shutdown immediate
2024-09-26 14:25:31.372 UTC [53588] LOG:  checkpoint complete: wrote 920 buffers (5.6%); 0 WAL file(s) added, 0 removed, 0 recycled; write=0.032 s, sync=0.030 s, total=0.072 s; sync files=301, longest=0.004 s, average=0.001 s; distance=4235 kB, estimate=4235 kB
2024-09-26 14:25:31.379 UTC [53586] LOG:  database system is shut down
